<?xml version="1.0" encoding="UTF-8"?>
<!-- Generated by org.testng.reporters.JUnitReportReporter -->
<testsuite hostname="DKS" failures="0" tests="1" name="testCases.Pending_Leave" time="6.508" errors="0" timestamp="2022-02-12T17:02:47 IST" skipped="0">
  <testcase classname="testCases.Pending_Leave" name="verfiyPendingLeave" time="6.508"/>
  <system-out>
    <![CDATA[<br><img src='C:\Users\dksan\eclipse-workspace\POMFramework\output\20220212_170228\20220212_170235.png'height='300' width=�300'><br>
<br><img src='C:\Users\dksan\eclipse-workspace\POMFramework\output\20220212_170228\20220212_170236.png'height='300' width=�300'><br>
<br><img src='C:\Users\dksan\eclipse-workspace\POMFramework\output\20220212_170228\20220212_170236.png'height='300' width=�300'><br>
<br><img src='C:\Users\dksan\eclipse-workspace\POMFramework\output\20220212_170228\20220212_170241.png'height='300' width=�300'><br>
<br><img src='C:\Users\dksan\eclipse-workspace\POMFramework\output\20220212_170228\20220212_170241.png'height='300' width=�300'><br>
<br><img src='C:\Users\dksan\eclipse-workspace\POMFramework\output\20220212_170228\20220212_170241.png'height='300' width=�300'><br>
<br><img src='C:\Users\dksan\eclipse-workspace\POMFramework\output\20220212_170228\20220212_170241.png'height='300' width=�300'><br>]]>
  </system-out>
</testsuite> <!-- testCases.Pending_Leave -->
