<?xml version="1.0" encoding="UTF-8"?>
<!-- Generated by org.testng.reporters.JUnitReportReporter -->
<testsuite hostname="DKS" failures="0" tests="1" name="testCases.User_Role" time="4.584" errors="0" timestamp="2022-02-12T17:02:47 IST" skipped="0">
  <testcase classname="testCases.User_Role" name="checkrole" time="4.584"/>
  <system-out>
    <![CDATA[<br><img src='C:\Users\dksan\eclipse-workspace\POMFramework\output\20220212_170228\20220212_170242.png'height='300' width=�300'><br>
<br><img src='C:\Users\dksan\eclipse-workspace\POMFramework\output\20220212_170228\20220212_170242.png'height='300' width=�300'><br>
<br><img src='C:\Users\dksan\eclipse-workspace\POMFramework\output\20220212_170228\20220212_170244.png'height='300' width=�300'><br>
<br><img src='C:\Users\dksan\eclipse-workspace\POMFramework\output\20220212_170228\20220212_170245.png'height='300' width=�300'><br>
<br><img src='C:\Users\dksan\eclipse-workspace\POMFramework\output\20220212_170228\20220212_170245.png'height='300' width=�300'><br>
<br><img src='C:\Users\dksan\eclipse-workspace\POMFramework\output\20220212_170228\20220212_170246.png'height='300' width=�300'><br>
<br><img src='C:\Users\dksan\eclipse-workspace\POMFramework\output\20220212_170228\20220212_170246.png'height='300' width=�300'><br>
<br><img src='C:\Users\dksan\eclipse-workspace\POMFramework\output\20220212_170228\20220212_170246.png'height='300' width=�300'><br>]]>
  </system-out>
</testsuite> <!-- testCases.User_Role -->
